2021-03-02 17:50:59,369 INFO Set uid to user 0 succeeded
2021-03-02 17:50:59,371 INFO supervisord started with pid 17
2021-03-02 17:51:00,373 INFO spawned: 'php' with pid 19
2021-03-02 17:51:02,133 INFO success: php entered RUNNING state, process has stayed up for > than 1 seconds (startsecs)
2021-03-09 15:53:42,663 INFO Set uid to user 0 succeeded
2021-03-09 15:53:42,666 INFO supervisord started with pid 17
2021-03-09 15:53:43,668 INFO spawned: 'php' with pid 19
2021-03-09 15:53:45,581 INFO success: php entered RUNNING state, process has stayed up for > than 1 seconds (startsecs)
2021-03-09 15:54:18,778 INFO Set uid to user 0 succeeded
2021-03-09 15:54:18,780 INFO supervisord started with pid 16
2021-03-09 15:54:19,784 INFO spawned: 'php' with pid 18
2021-03-09 15:54:21,383 INFO success: php entered RUNNING state, process has stayed up for > than 1 seconds (startsecs)
2021-03-09 16:30:16,345 INFO Set uid to user 0 succeeded
2021-03-09 16:30:16,348 INFO supervisord started with pid 16
2021-03-09 16:30:17,350 INFO spawned: 'php' with pid 18
2021-03-09 16:30:18,960 INFO success: php entered RUNNING state, process has stayed up for > than 1 seconds (startsecs)
2021-03-09 16:38:01,223 INFO exited: php (exit status 1; not expected)
2021-03-09 16:38:02,226 INFO spawned: 'php' with pid 28
2021-03-09 16:38:03,812 INFO success: php entered RUNNING state, process has stayed up for > than 1 seconds (startsecs)
2021-03-11 13:43:49,583 INFO Set uid to user 0 succeeded
2021-03-11 13:43:49,586 INFO supervisord started with pid 17
2021-03-11 13:43:50,588 INFO spawned: 'php' with pid 19
2021-03-11 13:43:52,520 INFO success: php entered RUNNING state, process has stayed up for > than 1 seconds (startsecs)
2021-03-16 10:05:44,722 INFO Set uid to user 0 succeeded
2021-03-16 10:05:44,726 INFO supervisord started with pid 10
2021-03-16 10:05:45,728 INFO spawned: 'php' with pid 12
2021-03-16 10:05:47,658 INFO success: php entered RUNNING state, process has stayed up for > than 1 seconds (startsecs)
2021-03-16 10:30:50,537 INFO Set uid to user 0 succeeded
2021-03-16 10:30:50,539 INFO supervisord started with pid 16
2021-03-16 10:30:51,543 INFO spawned: 'php' with pid 18
2021-03-16 10:30:53,168 INFO success: php entered RUNNING state, process has stayed up for > than 1 seconds (startsecs)
2021-03-16 10:31:17,813 INFO Set uid to user 0 succeeded
2021-03-16 10:31:17,815 INFO supervisord started with pid 16
2021-03-16 10:31:18,821 INFO spawned: 'php' with pid 18
2021-03-16 10:31:20,441 INFO success: php entered RUNNING state, process has stayed up for > than 1 seconds (startsecs)
